# JRE version: OpenJDK Runtime Environment (14.0.2+12) (build 14.0.2+12-46)
# Java VM: OpenJDK 64-Bit Server VM (14.0.2+12-46, mixed mode, tiered, compressed oops, g1 gc, windows-amd64)
Heap:
 garbage-first heap   total 132096K, used 69446K [0x0000000081c00000, 0x0000000100000000)
  region size 1024K, 40 young (40960K), 4 survivors (4096K)
 Metaspace       used 65626K, capacity 68407K, committed 80848K, reserved 1120256K
  class space    used 8644K, capacity 9549K, committed 11136K, reserved 1048576K
GC Heap History (20 events):
Event: 10110.616 GC heap before
{Heap before GC invocations=309 (full 22):
 garbage-first heap   total 106496K, used 78688K [0x0000000081c00000, 0x0000000100000000)
  region size 1024K, 52 young (53248K), 3 survivors (3072K)
 Metaspace       used 64463K, capacity 67088K, committed 80848K, reserved 1120256K
  class space    used 8522K, capacity 9405K, committed 11136K, reserved 1048576K
}
Event: 10110.623 GC heap after
{Heap after GC invocations=310 (full 22):
 garbage-first heap   total 106496K, used 31820K [0x0000000081c00000, 0x0000000100000000)
  region size 1024K, 6 young (6144K), 6 survivors (6144K)
 Metaspace       used 64463K, capacity 67088K, committed 80848K, reserved 1120256K
  class space    used 8522K, capacity 9405K, committed 11136K, reserved 1048576K
}
Event: 10110.841 GC heap before
{Heap before GC invocations=310 (full 22):
 garbage-first heap   total 106496K, used 85068K [0x0000000081c00000, 0x0000000100000000)
  region size 1024K, 59 young (60416K), 6 survivors (6144K)
 Metaspace       used 64780K, capacity 67428K, committed 80848K, reserved 1120256K
  class space    used 8554K, capacity 9421K, committed 11136K, reserved 1048576K
}
Event: 10110.848 GC heap after
{Heap after GC invocations=311 (full 22):
 garbage-first heap   total 106496K, used 33833K [0x0000000081c00000, 0x0000000100000000)
  region size 1024K, 5 young (5120K), 5 survivors (5120K)
 Metaspace       used 64780K, capacity 67428K, committed 80848K, reserved 1120256K
  class space    used 8554K, capacity 9421K, committed 11136K, reserved 1048576K
}
Event: 10181.706 GC heap before
{Heap before GC invocations=311 (full 22):
 garbage-first heap   total 106496K, used 85033K [0x0000000081c00000, 0x0000000100000000)
  region size 1024K, 56 young (57344K), 5 survivors (5120K)
 Metaspace       used 64812K, capacity 67476K, committed 80848K, reserved 1120256K
  class space    used 8559K, capacity 9430K, committed 11136K, reserved 1048576K
}
Event: 10181.713 GC heap after
{Heap after GC invocations=312 (full 22):
 garbage-first heap   total 106496K, used 34094K [0x0000000081c00000, 0x0000000100000000)
  region size 1024K, 3 young (3072K), 3 survivors (3072K)
 Metaspace       used 64812K, capacity 67476K, committed 80848K, reserved 1120256K
  class space    used 8559K, capacity 9430K, committed 11136K, reserved 1048576K
}
Event: 10276.381 GC heap before
{Heap before GC invocations=312 (full 22):
 garbage-first heap   total 106496K, used 86318K [0x0000000081c00000, 0x0000000100000000)
  region size 1024K, 54 young (55296K), 3 survivors (3072K)
 Metaspace       used 64815K, capacity 67482K, committed 80848K, reserved 1120256K
  class space    used 8560K, capacity 9432K, committed 11136K, reserved 1048576K
}
Event: 10276.387 GC heap after
{Heap after GC invocations=313 (full 22):
 garbage-first heap   total 106496K, used 34468K [0x0000000081c00000, 0x0000000100000000)
  region size 1024K, 4 young (4096K), 4 survivors (4096K)
 Metaspace       used 64815K, capacity 67482K, committed 80848K, reserved 1120256K
  class space    used 8560K, capacity 9432K, committed 11136K, reserved 1048576K
}
Event: 10276.632 GC heap before
{Heap before GC invocations=314 (full 22):
 garbage-first heap   total 106496K, used 84648K [0x0000000081c00000, 0x0000000100000000)
  region size 1024K, 55 young (56320K), 4 survivors (4096K)
 Metaspace       used 64839K, capacity 67513K, committed 80848K, reserved 1120256K
  class space    used 8566K, capacity 9441K, committed 11136K, reserved 1048576K
}
Event: 10276.637 GC heap after
{Heap after GC invocations=315 (full 22):
 garbage-first heap   total 106496K, used 34337K [0x0000000081c00000, 0x0000000100000000)
  region size 1024K, 5 young (5120K), 5 survivors (5120K)
 Metaspace       used 64839K, capacity 67513K, committed 80848K, reserved 1120256K
  class space    used 8566K, capacity 9441K, committed 11136K, reserved 1048576K
}
Event: 10276.638 GC heap before
{Heap before GC invocations=315 (full 22):
 garbage-first heap   total 106496K, used 34337K [0x0000000081c00000, 0x0000000100000000)
  region size 1024K, 6 young (6144K), 5 survivors (5120K)
 Metaspace       used 64839K, capacity 67513K, committed 80848K, reserved 1120256K
  class space    used 8566K, capacity 9441K, committed 11136K, reserved 1048576K
}
Event: 10276.647 GC heap after
{Heap after GC invocations=316 (full 22):
 garbage-first heap   total 106496K, used 30254K [0x0000000081c00000, 0x0000000100000000)
  region size 1024K, 1 young (1024K), 1 survivors (1024K)
 Metaspace       used 64839K, capacity 67513K, committed 80848K, reserved 1120256K
  class space    used 8566K, capacity 9441K, committed 11136K, reserved 1048576K
}
Event: 10276.829 GC heap before
{Heap before GC invocations=316 (full 22):
 garbage-first heap   total 106496K, used 86574K [0x0000000081c00000, 0x0000000100000000)
  region size 1024K, 57 young (58368K), 1 survivors (1024K)
 Metaspace       used 65055K, capacity 67779K, committed 80848K, reserved 1120256K
  class space    used 8587K, capacity 9481K, committed 11136K, reserved 1048576K
}
Event: 10276.833 GC heap after
{Heap after GC invocations=317 (full 22):
 garbage-first heap   total 106496K, used 32571K [0x0000000081c00000, 0x0000000100000000)
  region size 1024K, 3 young (3072K), 3 survivors (3072K)
 Metaspace       used 65055K, capacity 67779K, committed 80848K, reserved 1120256K
  class space    used 8587K, capacity 9481K, committed 11136K, reserved 1048576K
}
Event: 10339.989 GC heap before
{Heap before GC invocations=317 (full 22):
 garbage-first heap   total 106496K, used 86843K [0x0000000081c00000, 0x0000000100000000)
  region size 1024K, 56 young (57344K), 3 survivors (3072K)
 Metaspace       used 65264K, capacity 68004K, committed 80848K, reserved 1120256K
  class space    used 8603K, capacity 9488K, committed 11136K, reserved 1048576K
}
Event: 10339.993 GC heap after
{Heap after GC invocations=318 (full 22):
 garbage-first heap   total 106496K, used 33282K [0x0000000081c00000, 0x0000000100000000)
  region size 1024K, 4 young (4096K), 4 survivors (4096K)
 Metaspace       used 65264K, capacity 68004K, committed 80848K, reserved 1120256K
  class space    used 8603K, capacity 9488K, committed 11136K, reserved 1048576K
}
Event: 10357.449 GC heap before
{Heap before GC invocations=318 (full 22):
 garbage-first heap   total 106496K, used 86530K [0x0000000081c00000, 0x0000000100000000)
  region size 1024K, 57 young (58368K), 4 survivors (4096K)
 Metaspace       used 65292K, capacity 68042K, committed 80848K, reserved 1120256K
  class space    used 8610K, capacity 9498K, committed 11136K, reserved 1048576K
}
Event: 10357.454 GC heap after
{Heap after GC invocations=319 (full 22):
 garbage-first heap   total 106496K, used 35277K [0x0000000081c00000, 0x0000000100000000)
  region size 1024K, 6 young (6144K), 6 survivors (6144K)
 Metaspace       used 65292K, capacity 68042K, committed 80848K, reserved 1120256K
  class space    used 8610K, capacity 9498K, committed 11136K, reserved 1048576K
}
Event: 10357.590 GC heap before
{Heap before GC invocations=320 (full 22):
 garbage-first heap   total 132096K, used 86477K [0x0000000081c00000, 0x0000000100000000)
  region size 1024K, 57 young (58368K), 6 survivors (6144K)
 Metaspace       used 65428K, capacity 68210K, committed 80848K, reserved 1120256K
  class space    used 8619K, capacity 9533K, committed 11136K, reserved 1048576K
}
Event: 10357.595 GC heap after
{Heap after GC invocations=321 (full 22):
 garbage-first heap   total 132096K, used 34630K [0x0000000081c00000, 0x0000000100000000)
  region size 1024K, 4 young (4096K), 4 survivors (4096K)
 Metaspace       used 65428K, capacity 68210K, committed 80848K, reserved 1120256K
  class space    used 8619K, capacity 9533K, committed 11136K, reserved 1048576K
}

