# JRE version: OpenJDK Runtime Environment (14.0.2+12) (build 14.0.2+12-46)
# Java VM: OpenJDK 64-Bit Server VM (14.0.2+12-46, mixed mode, tiered, compressed oops, g1 gc, windows-amd64)
Heap:
 garbage-first heap   total 86016K, used 42555K [0x0000000081c00000, 0x0000000100000000)
  region size 1024K, 16 young (16384K), 2 survivors (2048K)
 Metaspace       used 61501K, capacity 63468K, committed 63664K, reserved 1103872K
  class space    used 8110K, capacity 8867K, committed 8960K, reserved 1048576K
GC Heap History (20 events):
Event: 26.728 GC heap before
{Heap before GC invocations=27 (full 2):
 garbage-first heap   total 86016K, used 67606K [0x0000000081c00000, 0x0000000100000000)
  region size 1024K, 41 young (41984K), 3 survivors (3072K)
 Metaspace       used 60632K, capacity 62480K, committed 62640K, reserved 1103872K
  class space    used 7980K, capacity 8640K, committed 8704K, reserved 1048576K
}
Event: 26.730 GC heap after
{Heap after GC invocations=28 (full 2):
 garbage-first heap   total 86016K, used 29721K [0x0000000081c00000, 0x0000000100000000)
  region size 1024K, 3 young (3072K), 3 survivors (3072K)
 Metaspace       used 60632K, capacity 62480K, committed 62640K, reserved 1103872K
  class space    used 7980K, capacity 8640K, committed 8704K, reserved 1048576K
}
Event: 27.017 GC heap before
{Heap before GC invocations=28 (full 2):
 garbage-first heap   total 86016K, used 69657K [0x0000000081c00000, 0x0000000100000000)
  region size 1024K, 42 young (43008K), 3 survivors (3072K)
 Metaspace       used 60904K, capacity 62764K, committed 62896K, reserved 1103872K
  class space    used 8012K, capacity 8687K, committed 8704K, reserved 1048576K
}
Event: 27.022 GC heap after
{Heap after GC invocations=29 (full 2):
 garbage-first heap   total 86016K, used 31829K [0x0000000081c00000, 0x0000000100000000)
  region size 1024K, 5 young (5120K), 5 survivors (5120K)
 Metaspace       used 60904K, capacity 62764K, committed 62896K, reserved 1103872K
  class space    used 8012K, capacity 8687K, committed 8704K, reserved 1048576K
}
Event: 27.584 GC heap before
{Heap before GC invocations=29 (full 2):
 garbage-first heap   total 86016K, used 67669K [0x0000000081c00000, 0x0000000100000000)
  region size 1024K, 41 young (41984K), 5 survivors (5120K)
 Metaspace       used 60948K, capacity 62770K, committed 62896K, reserved 1103872K
  class space    used 8015K, capacity 8688K, committed 8704K, reserved 1048576K
}
Event: 27.589 GC heap after
{Heap after GC invocations=30 (full 2):
 garbage-first heap   total 86016K, used 34099K [0x0000000081c00000, 0x0000000100000000)
  region size 1024K, 6 young (6144K), 6 survivors (6144K)
 Metaspace       used 60948K, capacity 62770K, committed 62896K, reserved 1103872K
  class space    used 8015K, capacity 8688K, committed 8704K, reserved 1048576K
}
Event: 58.684 GC heap before
{Heap before GC invocations=30 (full 2):
 garbage-first heap   total 86016K, used 39219K [0x0000000081c00000, 0x0000000100000000)
  region size 1024K, 13 young (13312K), 6 survivors (6144K)
 Metaspace       used 60951K, capacity 62776K, committed 62896K, reserved 1103872K
  class space    used 8015K, capacity 8690K, committed 8704K, reserved 1048576K
}
Event: 58.724 GC heap after
{Heap after GC invocations=31 (full 3):
 garbage-first heap   total 86016K, used 27433K [0x0000000081c00000, 0x0000000100000000)
  region size 1024K, 0 young (0K), 0 survivors (0K)
 Metaspace       used 60945K, capacity 62764K, committed 62896K, reserved 1103872K
  class space    used 8014K, capacity 8687K, committed 8704K, reserved 1048576K
}
Event: 58.971 GC heap before
{Heap before GC invocations=31 (full 3):
 garbage-first heap   total 86016K, used 66345K [0x0000000081c00000, 0x0000000100000000)
  region size 1024K, 39 young (39936K), 0 survivors (0K)
 Metaspace       used 60974K, capacity 62807K, committed 62896K, reserved 1103872K
  class space    used 8021K, capacity 8699K, committed 8704K, reserved 1048576K
}
Event: 58.974 GC heap after
{Heap after GC invocations=32 (full 3):
 garbage-first heap   total 86016K, used 29801K [0x0000000081c00000, 0x0000000100000000)
  region size 1024K, 3 young (3072K), 3 survivors (3072K)
 Metaspace       used 60974K, capacity 62807K, committed 62896K, reserved 1103872K
  class space    used 8021K, capacity 8699K, committed 8704K, reserved 1048576K
}
Event: 58.980 GC heap before
{Heap before GC invocations=32 (full 3):
 garbage-first heap   total 86016K, used 65641K [0x0000000081c00000, 0x0000000100000000)
  region size 1024K, 39 young (39936K), 3 survivors (3072K)
 Metaspace       used 60974K, capacity 62807K, committed 62896K, reserved 1103872K
  class space    used 8021K, capacity 8699K, committed 8704K, reserved 1048576K
}
Event: 58.982 GC heap after
{Heap after GC invocations=33 (full 3):
 garbage-first heap   total 86016K, used 29598K [0x0000000081c00000, 0x0000000100000000)
  region size 1024K, 3 young (3072K), 3 survivors (3072K)
 Metaspace       used 60974K, capacity 62807K, committed 62896K, reserved 1103872K
  class space    used 8021K, capacity 8699K, committed 8704K, reserved 1048576K
}
Event: 108.122 GC heap before
{Heap before GC invocations=33 (full 3):
 garbage-first heap   total 86016K, used 67486K [0x0000000081c00000, 0x0000000100000000)
  region size 1024K, 40 young (40960K), 3 survivors (3072K)
 Metaspace       used 61309K, capacity 63137K, committed 63280K, reserved 1103872K
  class space    used 8083K, capacity 8783K, committed 8832K, reserved 1048576K
}
Event: 108.124 GC heap after
{Heap after GC invocations=34 (full 3):
 garbage-first heap   total 86016K, used 29347K [0x0000000081c00000, 0x0000000100000000)
  region size 1024K, 2 young (2048K), 2 survivors (2048K)
 Metaspace       used 61309K, capacity 63137K, committed 63280K, reserved 1103872K
  class space    used 8083K, capacity 8783K, committed 8832K, reserved 1048576K
}
Event: 108.298 GC heap before
{Heap before GC invocations=34 (full 3):
 garbage-first heap   total 86016K, used 68259K [0x0000000081c00000, 0x0000000100000000)
  region size 1024K, 41 young (41984K), 2 survivors (2048K)
 Metaspace       used 61343K, capacity 63186K, committed 63280K, reserved 1103872K
  class space    used 8089K, capacity 8793K, committed 8832K, reserved 1048576K
}
Event: 108.302 GC heap after
{Heap after GC invocations=35 (full 3):
 garbage-first heap   total 86016K, used 30633K [0x0000000081c00000, 0x0000000100000000)
  region size 1024K, 4 young (4096K), 4 survivors (4096K)
 Metaspace       used 61343K, capacity 63186K, committed 63280K, reserved 1103872K
  class space    used 8089K, capacity 8793K, committed 8832K, reserved 1048576K
}
Event: 108.347 GC heap before
{Heap before GC invocations=35 (full 3):
 garbage-first heap   total 86016K, used 67497K [0x0000000081c00000, 0x0000000100000000)
  region size 1024K, 41 young (41984K), 4 survivors (4096K)
 Metaspace       used 61343K, capacity 63186K, committed 63280K, reserved 1103872K
  class space    used 8089K, capacity 8793K, committed 8832K, reserved 1048576K
}
Event: 108.351 GC heap after
{Heap after GC invocations=36 (full 3):
 garbage-first heap   total 86016K, used 30289K [0x0000000081c00000, 0x0000000100000000)
  region size 1024K, 3 young (3072K), 3 survivors (3072K)
 Metaspace       used 61343K, capacity 63186K, committed 63280K, reserved 1103872K
  class space    used 8089K, capacity 8793K, committed 8832K, reserved 1048576K
}
Event: 433.880 GC heap before
{Heap before GC invocations=36 (full 3):
 garbage-first heap   total 86016K, used 70225K [0x0000000081c00000, 0x0000000100000000)
  region size 1024K, 42 young (43008K), 3 survivors (3072K)
 Metaspace       used 61500K, capacity 63462K, committed 63664K, reserved 1103872K
  class space    used 8110K, capacity 8865K, committed 8960K, reserved 1048576K
}
Event: 433.883 GC heap after
{Heap after GC invocations=37 (full 3):
 garbage-first heap   total 86016K, used 29243K [0x0000000081c00000, 0x0000000100000000)
  region size 1024K, 2 young (2048K), 2 survivors (2048K)
 Metaspace       used 61500K, capacity 63462K, committed 63664K, reserved 1103872K
  class space    used 8110K, capacity 8865K, committed 8960K, reserved 1048576K
}

